{
 "cells": [
  {
   "cell_type": "code",
   "execution_count": 1,
   "metadata": {},
   "outputs": [],
   "source": [
    "%load_ext autoreload\n",
    "%autoreload 2"
   ]
  },
  {
   "cell_type": "code",
   "execution_count": 2,
   "metadata": {},
   "outputs": [
    {
     "data": {
      "application/vnd.jupyter.widget-view+json": {
       "model_id": "190856aebbbc4cbfa5f811c13f221a12",
       "version_major": 2,
       "version_minor": 0
      },
      "text/plain": []
     },
     "metadata": {},
     "output_type": "display_data"
    }
   ],
   "source": [
    "import molsysmt as msm"
   ]
  },
  {
   "cell_type": "markdown",
   "metadata": {},
   "source": [
    "# Molecular Mechanics"
   ]
  },
  {
   "cell_type": "code",
   "execution_count": 3,
   "metadata": {},
   "outputs": [],
   "source": [
    "item = {'forcefield':'patata'}"
   ]
  },
  {
   "cell_type": "code",
   "execution_count": 4,
   "metadata": {},
   "outputs": [
    {
     "data": {
      "text/plain": [
       "'MolecularMechanicsDict'"
      ]
     },
     "execution_count": 4,
     "metadata": {},
     "output_type": "execute_result"
    }
   ],
   "source": [
    "msm.get_form(item)"
   ]
  },
  {
   "cell_type": "code",
   "execution_count": 5,
   "metadata": {},
   "outputs": [],
   "source": [
    "item = msm.convert(item, to_form='molsysmt.MolecularMechanics')"
   ]
  },
  {
   "cell_type": "code",
   "execution_count": 6,
   "metadata": {},
   "outputs": [
    {
     "data": {
      "text/plain": [
       "'molsysmt.MolecularMechanics'"
      ]
     },
     "execution_count": 6,
     "metadata": {},
     "output_type": "execute_result"
    }
   ],
   "source": [
    "msm.get_form(item)"
   ]
  },
  {
   "cell_type": "code",
   "execution_count": 7,
   "metadata": {},
   "outputs": [
    {
     "data": {
      "text/plain": [
       "{'_molecular_system': None,\n",
       " 'forcefield': 'patata',\n",
       " 'non_bonded_method': 'no_cutoff',\n",
       " 'non_bonded_cutoff': None,\n",
       " 'switch_distance': None,\n",
       " 'use_dispersion_correction': False,\n",
       " 'ewald_error_tolerance': 0.0001,\n",
       " 'hydrogen_mass': None,\n",
       " 'constraints': None,\n",
       " 'flexible_constraints': False,\n",
       " 'water_model': None,\n",
       " 'rigid_water': True,\n",
       " 'residue_templates': {},\n",
       " 'ignore_external_bonds': False,\n",
       " 'implicit_solvent': None,\n",
       " 'solute_dielectric': 1.0,\n",
       " 'solvent_dielectric': 78.5,\n",
       " 'implicit_solvent_salt_conc': '0.0 mol/L',\n",
       " 'implicit_solvent_kappa': '0.0 1/nm'}"
      ]
     },
     "execution_count": 7,
     "metadata": {},
     "output_type": "execute_result"
    }
   ],
   "source": [
    "item.__dict__"
   ]
  },
  {
   "cell_type": "code",
   "execution_count": 8,
   "metadata": {},
   "outputs": [],
   "source": [
    "file_path = msm.demo_systems.files['1tcd.pdb']\n",
    "molecular_system_A = msm.convert(file_path)\n",
    "molecular_system_A = msm.remove_solvent(molecular_system_A)\n",
    "molecular_system_A = msm.add_missing_hydrogens(molecular_system_A)"
   ]
  },
  {
   "cell_type": "code",
   "execution_count": 9,
   "metadata": {},
   "outputs": [],
   "source": [
    "from molsysmt.molecular_system import MolecularSystem"
   ]
  },
  {
   "cell_type": "code",
   "execution_count": 10,
   "metadata": {},
   "outputs": [],
   "source": [
    "molecular_system = MolecularSystem(molecular_system_A)"
   ]
  },
  {
   "cell_type": "code",
   "execution_count": 11,
   "metadata": {},
   "outputs": [
    {
     "data": {
      "text/plain": [
       "{'elements_item': <molsysmt.native.molsys.MolSys at 0x7f5b82c1f3d0>,\n",
       " 'elements_form': 'molsysmt.MolSys',\n",
       " 'bonds_item': <molsysmt.native.molsys.MolSys at 0x7f5b82c1f3d0>,\n",
       " 'bonds_form': 'molsysmt.MolSys',\n",
       " 'coordinates_item': <molsysmt.native.molsys.MolSys at 0x7f5b82c1f3d0>,\n",
       " 'coordinates_form': 'molsysmt.MolSys',\n",
       " 'velocities_item': None,\n",
       " 'velocities_form': None,\n",
       " 'box_item': <molsysmt.native.molsys.MolSys at 0x7f5b82c1f3d0>,\n",
       " 'box_form': 'molsysmt.MolSys',\n",
       " 'ff_parameters_item': None,\n",
       " 'ff_parameters_form': None,\n",
       " 'mm_parameters_item': None,\n",
       " 'mm_parameters_form': None,\n",
       " 'thermo_state_item': None,\n",
       " 'thermo_state_form': None,\n",
       " 'simulation_item': None,\n",
       " 'simulation_form': None}"
      ]
     },
     "execution_count": 11,
     "metadata": {},
     "output_type": "execute_result"
    }
   ],
   "source": [
    "molecular_system.__dict__"
   ]
  },
  {
   "cell_type": "code",
   "execution_count": 12,
   "metadata": {},
   "outputs": [],
   "source": [
    "mm_parameters = {'forcefield':'AMBER14'}"
   ]
  },
  {
   "cell_type": "code",
   "execution_count": 13,
   "metadata": {},
   "outputs": [],
   "source": [
    "molecular_system = MolecularSystem([molecular_system_A, mm_parameters])"
   ]
  },
  {
   "cell_type": "code",
   "execution_count": 14,
   "metadata": {},
   "outputs": [],
   "source": [
    "from molsysmt.tools.molecular_systems import is_a_single_molecular_system"
   ]
  },
  {
   "cell_type": "code",
   "execution_count": 15,
   "metadata": {},
   "outputs": [
    {
     "data": {
      "text/plain": [
       "True"
      ]
     },
     "execution_count": 15,
     "metadata": {},
     "output_type": "execute_result"
    }
   ],
   "source": [
    "is_a_single_molecular_system([molecular_system_A, mm_parameters])"
   ]
  },
  {
   "cell_type": "code",
   "execution_count": 16,
   "metadata": {},
   "outputs": [],
   "source": [
    "aa = msm.convert([molecular_system_A, mm_parameters], to_form='molsysmt.MolecularMechanics')"
   ]
  },
  {
   "cell_type": "code",
   "execution_count": 17,
   "metadata": {},
   "outputs": [],
   "source": [
    "from molsysmt.native.simulation import simulation_to_potential_energy_minimization"
   ]
  },
  {
   "cell_type": "code",
   "execution_count": 18,
   "metadata": {},
   "outputs": [
    {
     "data": {
      "text/plain": [
       "'molsysmt.Simulation'"
      ]
     },
     "execution_count": 18,
     "metadata": {},
     "output_type": "execute_result"
    }
   ],
   "source": [
    "msm.get_form(simulation_to_potential_energy_minimization)"
   ]
  },
  {
   "cell_type": "code",
   "execution_count": 19,
   "metadata": {},
   "outputs": [],
   "source": [
    "top = msm.convert(molecular_system_A, to_form='openmm.Topology')"
   ]
  },
  {
   "cell_type": "code",
   "execution_count": 20,
   "metadata": {},
   "outputs": [],
   "source": [
    "aa = MolecularSystem([top, mm_parameters, simulation_to_potential_energy_minimization])"
   ]
  },
  {
   "cell_type": "code",
   "execution_count": 21,
   "metadata": {},
   "outputs": [
    {
     "data": {
      "text/plain": [
       "{'elements_item': <Topology; 2 chains, 497 residues, 7707 atoms, 7779 bonds>,\n",
       " 'elements_form': 'openmm.Topology',\n",
       " 'bonds_item': <Topology; 2 chains, 497 residues, 7707 atoms, 7779 bonds>,\n",
       " 'bonds_form': 'openmm.Topology',\n",
       " 'coordinates_item': None,\n",
       " 'coordinates_form': None,\n",
       " 'velocities_item': None,\n",
       " 'velocities_form': None,\n",
       " 'box_item': <Topology; 2 chains, 497 residues, 7707 atoms, 7779 bonds>,\n",
       " 'box_form': 'openmm.Topology',\n",
       " 'ff_parameters_item': {'forcefield': 'AMBER14'},\n",
       " 'ff_parameters_form': 'MolecularMechanicsDict',\n",
       " 'mm_parameters_item': {'forcefield': 'AMBER14'},\n",
       " 'mm_parameters_form': 'MolecularMechanicsDict',\n",
       " 'thermo_state_item': <molsysmt.native.simulation.Simulation at 0x7f5ac038dd90>,\n",
       " 'thermo_state_form': 'molsysmt.Simulation',\n",
       " 'simulation_item': <molsysmt.native.simulation.Simulation at 0x7f5ac038dd90>,\n",
       " 'simulation_form': 'molsysmt.Simulation'}"
      ]
     },
     "execution_count": 21,
     "metadata": {},
     "output_type": "execute_result"
    }
   ],
   "source": [
    "aa.__dict__"
   ]
  },
  {
   "cell_type": "code",
   "execution_count": 22,
   "metadata": {},
   "outputs": [
    {
     "ename": "TypeError",
     "evalue": "convert() got an unexpected keyword argument 'to_units'",
     "output_type": "error",
     "traceback": [
      "\u001b[0;31m---------------------------------------------------------------------------\u001b[0m",
      "\u001b[0;31mTypeError\u001b[0m                                 Traceback (most recent call last)",
      "\u001b[0;32m<ipython-input-22-1240c2b547c6>\u001b[0m in \u001b[0;36m<module>\u001b[0;34m\u001b[0m\n\u001b[1;32m      1\u001b[0m tmp_item = msm.convert([molecular_system_A, mm_parameters,\n\u001b[1;32m      2\u001b[0m                         simulation_to_potential_energy_minimization],\n\u001b[0;32m----> 3\u001b[0;31m                        to_form='openmm.Simulation')\n\u001b[0m",
      "\u001b[0;32m~/Projects/MolSysMT/molsysmt/multitool/convert.py\u001b[0m in \u001b[0;36mconvert\u001b[0;34m(molecular_system, to_form, selection, frame_indices, syntaxis, **kwargs)\u001b[0m\n\u001b[1;32m     97\u001b[0m     \u001b[0;32melse\u001b[0m\u001b[0;34m:\u001b[0m\u001b[0;34m\u001b[0m\u001b[0;34m\u001b[0m\u001b[0m\n\u001b[1;32m     98\u001b[0m         tmp_item, _ = dict_convert[item_form][to_form](item, molecular_system, atom_indices=atom_indices, frame_indices=frame_indices,\n\u001b[0;32m---> 99\u001b[0;31m                                                      **conversion_arguments, **kwargs)\n\u001b[0m\u001b[1;32m    100\u001b[0m \u001b[0;34m\u001b[0m\u001b[0m\n\u001b[1;32m    101\u001b[0m     \u001b[0mtmp_item\u001b[0m \u001b[0;34m=\u001b[0m \u001b[0mdigest_output\u001b[0m\u001b[0;34m(\u001b[0m\u001b[0mtmp_item\u001b[0m\u001b[0;34m)\u001b[0m\u001b[0;34m\u001b[0m\u001b[0;34m\u001b[0m\u001b[0m\n",
      "\u001b[0;32m~/Projects/MolSysMT/molsysmt/forms/classes/api_molsysmt_MolSys.py\u001b[0m in \u001b[0;36mto_openmm_Simulation\u001b[0;34m(item, molecular_system, atom_indices, frame_indices)\u001b[0m\n\u001b[1;32m    128\u001b[0m     \u001b[0;32mfrom\u001b[0m \u001b[0mmolsysmt\u001b[0m\u001b[0;34m.\u001b[0m\u001b[0mnative\u001b[0m\u001b[0;34m.\u001b[0m\u001b[0mio\u001b[0m\u001b[0;34m.\u001b[0m\u001b[0mmolsys\u001b[0m\u001b[0;34m.\u001b[0m\u001b[0mclasses\u001b[0m \u001b[0;32mimport\u001b[0m \u001b[0mto_openmm_Simulation\u001b[0m \u001b[0;32mas\u001b[0m \u001b[0mmolsysmt_MolSys_to_openmm_Simulation\u001b[0m\u001b[0;34m\u001b[0m\u001b[0;34m\u001b[0m\u001b[0m\n\u001b[1;32m    129\u001b[0m \u001b[0;34m\u001b[0m\u001b[0m\n\u001b[0;32m--> 130\u001b[0;31m     \u001b[0mtmp_item\u001b[0m\u001b[0;34m,\u001b[0m \u001b[0mtmp_molecular_system\u001b[0m \u001b[0;34m=\u001b[0m \u001b[0mmolsysmt_MolSys_to_openmm_Simulation\u001b[0m\u001b[0;34m(\u001b[0m\u001b[0mitem\u001b[0m\u001b[0;34m,\u001b[0m \u001b[0mmolecular_system\u001b[0m\u001b[0;34m=\u001b[0m\u001b[0mmolecular_system\u001b[0m\u001b[0;34m,\u001b[0m \u001b[0matom_indices\u001b[0m\u001b[0;34m=\u001b[0m\u001b[0matom_indices\u001b[0m\u001b[0;34m,\u001b[0m \u001b[0mframe_indices\u001b[0m\u001b[0;34m=\u001b[0m\u001b[0mframe_indices\u001b[0m\u001b[0;34m)\u001b[0m\u001b[0;34m\u001b[0m\u001b[0;34m\u001b[0m\u001b[0m\n\u001b[0m\u001b[1;32m    131\u001b[0m \u001b[0;34m\u001b[0m\u001b[0m\n\u001b[1;32m    132\u001b[0m     \u001b[0;32mreturn\u001b[0m \u001b[0mtmp_item\u001b[0m\u001b[0;34m,\u001b[0m \u001b[0mtmp_molecular_system\u001b[0m\u001b[0;34m\u001b[0m\u001b[0;34m\u001b[0m\u001b[0m\n",
      "\u001b[0;32m~/Projects/MolSysMT/molsysmt/native/io/molsys/classes/openmm_Simulation.py\u001b[0m in \u001b[0;36mto_openmm_Simulation\u001b[0;34m(item, molecular_system, atom_indices, frame_indices)\u001b[0m\n\u001b[1;32m      5\u001b[0m \u001b[0;34m\u001b[0m\u001b[0m\n\u001b[1;32m      6\u001b[0m     \u001b[0mtmp_item\u001b[0m\u001b[0;34m,\u001b[0m \u001b[0mtmp_molecular_system\u001b[0m \u001b[0;34m=\u001b[0m \u001b[0mmolsysmt_MolSys_to_openmm_Topology\u001b[0m\u001b[0;34m(\u001b[0m\u001b[0mitem\u001b[0m\u001b[0;34m,\u001b[0m \u001b[0mmolecular_system\u001b[0m\u001b[0;34m,\u001b[0m \u001b[0matom_indices\u001b[0m\u001b[0;34m=\u001b[0m\u001b[0matom_indices\u001b[0m\u001b[0;34m,\u001b[0m \u001b[0mframe_indices\u001b[0m\u001b[0;34m=\u001b[0m\u001b[0mframe_indices\u001b[0m\u001b[0;34m)\u001b[0m\u001b[0;34m\u001b[0m\u001b[0;34m\u001b[0m\u001b[0m\n\u001b[0;32m----> 7\u001b[0;31m     \u001b[0mtmp_item\u001b[0m\u001b[0;34m,\u001b[0m \u001b[0mtmp_molecular_system\u001b[0m \u001b[0;34m=\u001b[0m \u001b[0mopenmm_Topology_to_openmm_Simulation\u001b[0m\u001b[0;34m(\u001b[0m\u001b[0mtmp_item\u001b[0m\u001b[0;34m,\u001b[0m \u001b[0mtmp_molecular_system\u001b[0m\u001b[0;34m,\u001b[0m \u001b[0matom_indices\u001b[0m\u001b[0;34m=\u001b[0m\u001b[0;34m'all'\u001b[0m\u001b[0;34m,\u001b[0m \u001b[0mframe_indices\u001b[0m\u001b[0;34m=\u001b[0m\u001b[0;36m0\u001b[0m\u001b[0;34m)\u001b[0m\u001b[0;34m\u001b[0m\u001b[0;34m\u001b[0m\u001b[0m\n\u001b[0m\u001b[1;32m      8\u001b[0m \u001b[0;34m\u001b[0m\u001b[0m\n\u001b[1;32m      9\u001b[0m     \u001b[0;32mreturn\u001b[0m \u001b[0mtmp_item\u001b[0m\u001b[0;34m,\u001b[0m \u001b[0mtmp_molecular_system\u001b[0m\u001b[0;34m\u001b[0m\u001b[0;34m\u001b[0m\u001b[0m\n",
      "\u001b[0;32m~/Projects/MolSysMT/molsysmt/forms/classes/api_openmm_Topology.py\u001b[0m in \u001b[0;36mto_openmm_Simulation\u001b[0;34m(item, molecular_system, atom_indices, frame_indices)\u001b[0m\n\u001b[1;32m    117\u001b[0m \u001b[0;34m\u001b[0m\u001b[0m\n\u001b[1;32m    118\u001b[0m     \u001b[0mtmp_item\u001b[0m\u001b[0;34m,\u001b[0m \u001b[0mtmp_molecular_system\u001b[0m \u001b[0;34m=\u001b[0m \u001b[0mto_openmm_System\u001b[0m\u001b[0;34m(\u001b[0m\u001b[0mitem\u001b[0m\u001b[0;34m,\u001b[0m \u001b[0mmolecular_system\u001b[0m\u001b[0;34m=\u001b[0m\u001b[0mmolecular_system\u001b[0m\u001b[0;34m,\u001b[0m \u001b[0matom_indices\u001b[0m\u001b[0;34m=\u001b[0m\u001b[0matom_indices\u001b[0m\u001b[0;34m,\u001b[0m \u001b[0mframe_indices\u001b[0m\u001b[0;34m=\u001b[0m\u001b[0mframe_indices\u001b[0m\u001b[0;34m)\u001b[0m\u001b[0;34m\u001b[0m\u001b[0;34m\u001b[0m\u001b[0m\n\u001b[0;32m--> 119\u001b[0;31m     \u001b[0mtmp_item\u001b[0m\u001b[0;34m,\u001b[0m \u001b[0mtmp_molecular_system\u001b[0m \u001b[0;34m=\u001b[0m \u001b[0mopenmm_System_to_openmm_Simulation\u001b[0m\u001b[0;34m(\u001b[0m\u001b[0mtmp_item\u001b[0m\u001b[0;34m,\u001b[0m \u001b[0mmolecular_system\u001b[0m\u001b[0;34m=\u001b[0m\u001b[0mtmp_molecular_system\u001b[0m\u001b[0;34m)\u001b[0m\u001b[0;34m\u001b[0m\u001b[0;34m\u001b[0m\u001b[0m\n\u001b[0m\u001b[1;32m    120\u001b[0m \u001b[0;34m\u001b[0m\u001b[0m\n\u001b[1;32m    121\u001b[0m     \u001b[0;32mreturn\u001b[0m \u001b[0mtmp_item\u001b[0m\u001b[0;34m,\u001b[0m \u001b[0mtmp_molecular_system\u001b[0m\u001b[0;34m\u001b[0m\u001b[0;34m\u001b[0m\u001b[0m\n",
      "\u001b[0;32m~/Projects/MolSysMT/molsysmt/forms/classes/api_openmm_System.py\u001b[0m in \u001b[0;36mto_openmm_Simulation\u001b[0;34m(item, molecular_system, atom_indices, frame_indices)\u001b[0m\n\u001b[1;32m     52\u001b[0m     \u001b[0mtopology\u001b[0m \u001b[0;34m=\u001b[0m \u001b[0mconvert\u001b[0m\u001b[0;34m(\u001b[0m\u001b[0mmolecular_system\u001b[0m\u001b[0;34m,\u001b[0m \u001b[0mto_form\u001b[0m\u001b[0;34m=\u001b[0m\u001b[0;34m'openmm.Topology'\u001b[0m\u001b[0;34m,\u001b[0m \u001b[0mselection\u001b[0m\u001b[0;34m=\u001b[0m\u001b[0matom_indices\u001b[0m\u001b[0;34m)\u001b[0m\u001b[0;34m\u001b[0m\u001b[0;34m\u001b[0m\u001b[0m\n\u001b[1;32m     53\u001b[0m     \u001b[0mpositions\u001b[0m \u001b[0;34m=\u001b[0m \u001b[0mget\u001b[0m\u001b[0;34m(\u001b[0m\u001b[0mmolecular_system\u001b[0m\u001b[0;34m,\u001b[0m \u001b[0mtarget\u001b[0m\u001b[0;34m=\u001b[0m\u001b[0;34m'atom'\u001b[0m\u001b[0;34m,\u001b[0m \u001b[0mselection\u001b[0m\u001b[0;34m=\u001b[0m\u001b[0matom_indices\u001b[0m\u001b[0;34m,\u001b[0m \u001b[0mframe_indices\u001b[0m\u001b[0;34m=\u001b[0m\u001b[0mframe_indices\u001b[0m\u001b[0;34m,\u001b[0m \u001b[0mcoordinates\u001b[0m\u001b[0;34m=\u001b[0m\u001b[0;32mTrue\u001b[0m\u001b[0;34m)\u001b[0m\u001b[0;34m\u001b[0m\u001b[0;34m\u001b[0m\u001b[0m\n\u001b[0;32m---> 54\u001b[0;31m     \u001b[0mpositions\u001b[0m \u001b[0;34m=\u001b[0m \u001b[0mpuw\u001b[0m\u001b[0;34m.\u001b[0m\u001b[0mconvert\u001b[0m\u001b[0;34m(\u001b[0m\u001b[0mpositions\u001b[0m\u001b[0;34m[\u001b[0m\u001b[0;36m0\u001b[0m\u001b[0;34m]\u001b[0m\u001b[0;34m,\u001b[0m \u001b[0mto_units\u001b[0m\u001b[0;34m=\u001b[0m\u001b[0;34m'nm'\u001b[0m\u001b[0;34m,\u001b[0m \u001b[0mto_form\u001b[0m\u001b[0;34m=\u001b[0m\u001b[0;34m'simtk.unit'\u001b[0m\u001b[0;34m)\u001b[0m\u001b[0;34m\u001b[0m\u001b[0;34m\u001b[0m\u001b[0m\n\u001b[0m\u001b[1;32m     55\u001b[0m     \u001b[0msimulation\u001b[0m \u001b[0;34m=\u001b[0m \u001b[0mconvert\u001b[0m\u001b[0;34m(\u001b[0m\u001b[0mmolecular_system\u001b[0m\u001b[0;34m,\u001b[0m \u001b[0mto_form\u001b[0m\u001b[0;34m=\u001b[0m\u001b[0;34m'molsysmt.Simulation'\u001b[0m\u001b[0;34m)\u001b[0m\u001b[0;34m\u001b[0m\u001b[0;34m\u001b[0m\u001b[0m\n\u001b[1;32m     56\u001b[0m \u001b[0;34m\u001b[0m\u001b[0m\n",
      "\u001b[0;31mTypeError\u001b[0m: convert() got an unexpected keyword argument 'to_units'"
     ]
    }
   ],
   "source": [
    "tmp_item = msm.convert([molecular_system_A, mm_parameters,\n",
    "                        simulation_to_potential_energy_minimization],\n",
    "                       to_form='openmm.Simulation')"
   ]
  },
  {
   "cell_type": "code",
   "execution_count": 23,
   "metadata": {},
   "outputs": [
    {
     "ename": "NotImplementedError",
     "evalue": "This quantity form was not implemented yet. Please open an issue to suggest its inclusion.",
     "output_type": "error",
     "traceback": [
      "\u001b[0;31m---------------------------------------------------------------------------\u001b[0m",
      "\u001b[0;31mKeyError\u001b[0m                                  Traceback (most recent call last)",
      "\u001b[0;32m~/Myopt/miniconda3/envs/MolSysMT_env/lib/python3.7/site-packages/pyunitwizard/main.py\u001b[0m in \u001b[0;36mget_form\u001b[0;34m(quantity_or_unit)\u001b[0m\n\u001b[1;32m     28\u001b[0m     \u001b[0;32mtry\u001b[0m\u001b[0;34m:\u001b[0m\u001b[0;34m\u001b[0m\u001b[0;34m\u001b[0m\u001b[0m\n\u001b[0;32m---> 29\u001b[0;31m         \u001b[0;32mreturn\u001b[0m \u001b[0mdict_is_form\u001b[0m\u001b[0;34m[\u001b[0m\u001b[0mtype\u001b[0m\u001b[0;34m(\u001b[0m\u001b[0mquantity_or_unit\u001b[0m\u001b[0;34m)\u001b[0m\u001b[0;34m]\u001b[0m\u001b[0;34m\u001b[0m\u001b[0;34m\u001b[0m\u001b[0m\n\u001b[0m\u001b[1;32m     30\u001b[0m     \u001b[0;32mexcept\u001b[0m\u001b[0;34m:\u001b[0m\u001b[0;34m\u001b[0m\u001b[0;34m\u001b[0m\u001b[0m\n",
      "\u001b[0;31mKeyError\u001b[0m: <class 'str'>",
      "\nDuring handling of the above exception, another exception occurred:\n",
      "\u001b[0;31mKeyError\u001b[0m                                  Traceback (most recent call last)",
      "\u001b[0;32m~/Myopt/miniconda3/envs/MolSysMT_env/lib/python3.7/site-packages/pyunitwizard/main.py\u001b[0m in \u001b[0;36mget_form\u001b[0;34m(quantity_or_unit)\u001b[0m\n\u001b[1;32m     31\u001b[0m         \u001b[0;32mtry\u001b[0m\u001b[0;34m:\u001b[0m\u001b[0;34m\u001b[0m\u001b[0;34m\u001b[0m\u001b[0m\n\u001b[0;32m---> 32\u001b[0;31m             \u001b[0;32mreturn\u001b[0m \u001b[0mdict_is_form\u001b[0m\u001b[0;34m[\u001b[0m\u001b[0mquantity_or_unit\u001b[0m\u001b[0;34m]\u001b[0m\u001b[0;34m\u001b[0m\u001b[0;34m\u001b[0m\u001b[0m\n\u001b[0m\u001b[1;32m     33\u001b[0m         \u001b[0;32mexcept\u001b[0m\u001b[0;34m:\u001b[0m\u001b[0;34m\u001b[0m\u001b[0;34m\u001b[0m\u001b[0m\n",
      "\u001b[0;31mKeyError\u001b[0m: '0 K'",
      "\nDuring handling of the above exception, another exception occurred:\n",
      "\u001b[0;31mNotImplementedError\u001b[0m                       Traceback (most recent call last)",
      "\u001b[0;32m<ipython-input-23-bcc47c0ee8ab>\u001b[0m in \u001b[0;36m<module>\u001b[0;34m\u001b[0m\n\u001b[1;32m      1\u001b[0m tmp_item = msm.convert([molecular_system_A, mm_parameters,\n\u001b[1;32m      2\u001b[0m                         simulation_to_potential_energy_minimization],\n\u001b[0;32m----> 3\u001b[0;31m                        to_form='openmm.Context')\n\u001b[0m",
      "\u001b[0;32m~/Projects/MolSysMT/molsysmt/multitool/convert.py\u001b[0m in \u001b[0;36mconvert\u001b[0;34m(molecular_system, to_form, selection, frame_indices, syntaxis, **kwargs)\u001b[0m\n\u001b[1;32m     97\u001b[0m     \u001b[0;32melse\u001b[0m\u001b[0;34m:\u001b[0m\u001b[0;34m\u001b[0m\u001b[0;34m\u001b[0m\u001b[0m\n\u001b[1;32m     98\u001b[0m         tmp_item, _ = dict_convert[item_form][to_form](item, molecular_system, atom_indices=atom_indices, frame_indices=frame_indices,\n\u001b[0;32m---> 99\u001b[0;31m                                                      **conversion_arguments, **kwargs)\n\u001b[0m\u001b[1;32m    100\u001b[0m \u001b[0;34m\u001b[0m\u001b[0m\n\u001b[1;32m    101\u001b[0m     \u001b[0mtmp_item\u001b[0m \u001b[0;34m=\u001b[0m \u001b[0mdigest_output\u001b[0m\u001b[0;34m(\u001b[0m\u001b[0mtmp_item\u001b[0m\u001b[0;34m)\u001b[0m\u001b[0;34m\u001b[0m\u001b[0;34m\u001b[0m\u001b[0m\n",
      "\u001b[0;32m~/Projects/MolSysMT/molsysmt/forms/classes/api_molsysmt_MolSys.py\u001b[0m in \u001b[0;36mto_openmm_Context\u001b[0;34m(item, molecular_system, atom_indices, frame_indices)\u001b[0m\n\u001b[1;32m    120\u001b[0m     \u001b[0;32mfrom\u001b[0m \u001b[0mmolsysmt\u001b[0m\u001b[0;34m.\u001b[0m\u001b[0mnative\u001b[0m\u001b[0;34m.\u001b[0m\u001b[0mio\u001b[0m\u001b[0;34m.\u001b[0m\u001b[0mmolsys\u001b[0m\u001b[0;34m.\u001b[0m\u001b[0mclasses\u001b[0m \u001b[0;32mimport\u001b[0m \u001b[0mto_openmm_Context\u001b[0m \u001b[0;32mas\u001b[0m \u001b[0mmolsysmt_MolSys_to_openmm_Context\u001b[0m\u001b[0;34m\u001b[0m\u001b[0;34m\u001b[0m\u001b[0m\n\u001b[1;32m    121\u001b[0m \u001b[0;34m\u001b[0m\u001b[0m\n\u001b[0;32m--> 122\u001b[0;31m     \u001b[0mtmp_item\u001b[0m\u001b[0;34m,\u001b[0m \u001b[0mtmp_molecular_system\u001b[0m \u001b[0;34m=\u001b[0m \u001b[0mmolsysmt_MolSys_to_openmm_Context\u001b[0m\u001b[0;34m(\u001b[0m\u001b[0mitem\u001b[0m\u001b[0;34m,\u001b[0m \u001b[0mmolecular_system\u001b[0m\u001b[0;34m=\u001b[0m\u001b[0mmolecular_system\u001b[0m\u001b[0;34m,\u001b[0m \u001b[0matom_indices\u001b[0m\u001b[0;34m=\u001b[0m\u001b[0matom_indices\u001b[0m\u001b[0;34m,\u001b[0m \u001b[0mframe_indices\u001b[0m\u001b[0;34m=\u001b[0m\u001b[0mframe_indices\u001b[0m\u001b[0;34m)\u001b[0m\u001b[0;34m\u001b[0m\u001b[0;34m\u001b[0m\u001b[0m\n\u001b[0m\u001b[1;32m    123\u001b[0m \u001b[0;34m\u001b[0m\u001b[0m\n\u001b[1;32m    124\u001b[0m     \u001b[0;32mreturn\u001b[0m \u001b[0mtmp_item\u001b[0m\u001b[0;34m,\u001b[0m \u001b[0mtmp_molecular_system\u001b[0m\u001b[0;34m\u001b[0m\u001b[0;34m\u001b[0m\u001b[0m\n",
      "\u001b[0;32m~/Projects/MolSysMT/molsysmt/native/io/molsys/classes/openmm_Context.py\u001b[0m in \u001b[0;36mto_openmm_Context\u001b[0;34m(item, molecular_system, atom_indices, frame_indices)\u001b[0m\n\u001b[1;32m      5\u001b[0m \u001b[0;34m\u001b[0m\u001b[0m\n\u001b[1;32m      6\u001b[0m     \u001b[0mtmp_item\u001b[0m\u001b[0;34m,\u001b[0m \u001b[0mtmp_molecular_system\u001b[0m \u001b[0;34m=\u001b[0m \u001b[0mmolsysmt_MolSys_to_openmm_Topology\u001b[0m\u001b[0;34m(\u001b[0m\u001b[0mitem\u001b[0m\u001b[0;34m,\u001b[0m \u001b[0mmolecular_system\u001b[0m\u001b[0;34m=\u001b[0m\u001b[0mmolecular_system\u001b[0m\u001b[0;34m,\u001b[0m \u001b[0matom_indices\u001b[0m\u001b[0;34m=\u001b[0m\u001b[0matom_indices\u001b[0m\u001b[0;34m,\u001b[0m \u001b[0mframe_indices\u001b[0m\u001b[0;34m=\u001b[0m\u001b[0mframe_indices\u001b[0m\u001b[0;34m)\u001b[0m\u001b[0;34m\u001b[0m\u001b[0;34m\u001b[0m\u001b[0m\n\u001b[0;32m----> 7\u001b[0;31m     \u001b[0mtmp_item\u001b[0m\u001b[0;34m,\u001b[0m \u001b[0mtmp_molecular_system\u001b[0m \u001b[0;34m=\u001b[0m \u001b[0mopenmm_Topology_to_openmm_Context\u001b[0m\u001b[0;34m(\u001b[0m\u001b[0mtmp_item\u001b[0m\u001b[0;34m,\u001b[0m \u001b[0mmolecular_system\u001b[0m\u001b[0;34m=\u001b[0m\u001b[0mtmp_molecular_system\u001b[0m\u001b[0;34m,\u001b[0m \u001b[0matom_indices\u001b[0m\u001b[0;34m=\u001b[0m\u001b[0;34m'all'\u001b[0m\u001b[0;34m,\u001b[0m \u001b[0mframe_indices\u001b[0m\u001b[0;34m=\u001b[0m\u001b[0;36m0\u001b[0m\u001b[0;34m)\u001b[0m\u001b[0;34m\u001b[0m\u001b[0;34m\u001b[0m\u001b[0m\n\u001b[0m\u001b[1;32m      8\u001b[0m \u001b[0;34m\u001b[0m\u001b[0m\n\u001b[1;32m      9\u001b[0m     \u001b[0;32mreturn\u001b[0m \u001b[0mtmp_item\u001b[0m\u001b[0;34m,\u001b[0m \u001b[0mtmp_molecular_system\u001b[0m\u001b[0;34m\u001b[0m\u001b[0;34m\u001b[0m\u001b[0m\n",
      "\u001b[0;32m~/Projects/MolSysMT/molsysmt/forms/classes/api_openmm_Topology.py\u001b[0m in \u001b[0;36mto_openmm_Context\u001b[0;34m(item, molecular_system, atom_indices, frame_indices)\u001b[0m\n\u001b[1;32m    108\u001b[0m \u001b[0;34m\u001b[0m\u001b[0m\n\u001b[1;32m    109\u001b[0m     \u001b[0mtmp_item\u001b[0m\u001b[0;34m,\u001b[0m \u001b[0mtmp_molecular_system\u001b[0m \u001b[0;34m=\u001b[0m \u001b[0mto_openmm_System\u001b[0m\u001b[0;34m(\u001b[0m\u001b[0mitem\u001b[0m\u001b[0;34m,\u001b[0m \u001b[0mmolecular_system\u001b[0m\u001b[0;34m=\u001b[0m\u001b[0mmolecular_system\u001b[0m\u001b[0;34m,\u001b[0m \u001b[0matom_indices\u001b[0m\u001b[0;34m=\u001b[0m\u001b[0matom_indices\u001b[0m\u001b[0;34m,\u001b[0m \u001b[0mframe_indices\u001b[0m\u001b[0;34m=\u001b[0m\u001b[0mframe_indices\u001b[0m\u001b[0;34m)\u001b[0m\u001b[0;34m\u001b[0m\u001b[0;34m\u001b[0m\u001b[0m\n\u001b[0;32m--> 110\u001b[0;31m     \u001b[0mtmp_item\u001b[0m\u001b[0;34m,\u001b[0m \u001b[0mtmp_molecular_system\u001b[0m \u001b[0;34m=\u001b[0m \u001b[0mopenmm_System_to_openmm_Context\u001b[0m\u001b[0;34m(\u001b[0m\u001b[0mtmp_item\u001b[0m\u001b[0;34m,\u001b[0m \u001b[0mmolecular_system\u001b[0m\u001b[0;34m=\u001b[0m\u001b[0mtmp_molecular_system\u001b[0m\u001b[0;34m)\u001b[0m\u001b[0;34m\u001b[0m\u001b[0;34m\u001b[0m\u001b[0m\n\u001b[0m\u001b[1;32m    111\u001b[0m \u001b[0;34m\u001b[0m\u001b[0m\n\u001b[1;32m    112\u001b[0m     \u001b[0;32mreturn\u001b[0m \u001b[0mtmp_item\u001b[0m\u001b[0;34m,\u001b[0m \u001b[0mtmp_molecular_system\u001b[0m\u001b[0;34m\u001b[0m\u001b[0;34m\u001b[0m\u001b[0m\n",
      "\u001b[0;32m~/Projects/MolSysMT/molsysmt/forms/classes/api_openmm_System.py\u001b[0m in \u001b[0;36mto_openmm_Context\u001b[0;34m(item, molecular_system, atom_indices, frame_indices)\u001b[0m\n\u001b[1;32m     27\u001b[0m     \u001b[0msimulation\u001b[0m \u001b[0;34m=\u001b[0m \u001b[0mconvert\u001b[0m\u001b[0;34m(\u001b[0m\u001b[0mmolecular_system\u001b[0m\u001b[0;34m,\u001b[0m \u001b[0mto_form\u001b[0m\u001b[0;34m=\u001b[0m\u001b[0;34m'molsysmt.Simulation'\u001b[0m\u001b[0;34m)\u001b[0m\u001b[0;34m\u001b[0m\u001b[0;34m\u001b[0m\u001b[0m\n\u001b[1;32m     28\u001b[0m \u001b[0;34m\u001b[0m\u001b[0m\n\u001b[0;32m---> 29\u001b[0;31m     \u001b[0mintegrator\u001b[0m \u001b[0;34m=\u001b[0m \u001b[0msimulation\u001b[0m\u001b[0;34m.\u001b[0m\u001b[0mto_openmm_Integrator\u001b[0m\u001b[0;34m(\u001b[0m\u001b[0;34m)\u001b[0m\u001b[0;34m\u001b[0m\u001b[0;34m\u001b[0m\u001b[0m\n\u001b[0m\u001b[1;32m     30\u001b[0m     \u001b[0mplatform\u001b[0m \u001b[0;34m=\u001b[0m \u001b[0msimulation\u001b[0m\u001b[0;34m.\u001b[0m\u001b[0mto_openmm_Platform\u001b[0m\u001b[0;34m(\u001b[0m\u001b[0;34m)\u001b[0m\u001b[0;34m\u001b[0m\u001b[0;34m\u001b[0m\u001b[0m\n\u001b[1;32m     31\u001b[0m \u001b[0;34m\u001b[0m\u001b[0m\n",
      "\u001b[0;32m~/Projects/MolSysMT/molsysmt/native/simulation.py\u001b[0m in \u001b[0;36mto_openmm_Integrator\u001b[0;34m(self)\u001b[0m\n\u001b[1;32m     79\u001b[0m         \u001b[0;32mfrom\u001b[0m \u001b[0msimtk\u001b[0m\u001b[0;34m.\u001b[0m\u001b[0mopenmm\u001b[0m \u001b[0;32mimport\u001b[0m \u001b[0mLangevinIntegrator\u001b[0m\u001b[0;34m\u001b[0m\u001b[0;34m\u001b[0m\u001b[0m\n\u001b[1;32m     80\u001b[0m \u001b[0;34m\u001b[0m\u001b[0m\n\u001b[0;32m---> 81\u001b[0;31m         \u001b[0mtemperature\u001b[0m \u001b[0;34m=\u001b[0m \u001b[0mpuw\u001b[0m\u001b[0;34m.\u001b[0m\u001b[0mconvert\u001b[0m\u001b[0;34m(\u001b[0m\u001b[0mself\u001b[0m\u001b[0;34m.\u001b[0m\u001b[0mtemperature\u001b[0m\u001b[0;34m,\u001b[0m \u001b[0mto_unit\u001b[0m\u001b[0;34m=\u001b[0m\u001b[0;34m'K'\u001b[0m\u001b[0;34m,\u001b[0m \u001b[0mto_form\u001b[0m\u001b[0;34m=\u001b[0m\u001b[0;34m'simtk.unit'\u001b[0m\u001b[0;34m)\u001b[0m\u001b[0;34m\u001b[0m\u001b[0;34m\u001b[0m\u001b[0m\n\u001b[0m\u001b[1;32m     82\u001b[0m         \u001b[0mcollisions_rate\u001b[0m \u001b[0;34m=\u001b[0m \u001b[0mpuw\u001b[0m\u001b[0;34m.\u001b[0m\u001b[0mconvert\u001b[0m\u001b[0;34m(\u001b[0m\u001b[0mself\u001b[0m\u001b[0;34m.\u001b[0m\u001b[0mcollisions_rate\u001b[0m\u001b[0;34m,\u001b[0m \u001b[0mto_unit\u001b[0m\u001b[0;34m=\u001b[0m\u001b[0;34m'1/ps'\u001b[0m\u001b[0;34m,\u001b[0m \u001b[0mto_form\u001b[0m\u001b[0;34m=\u001b[0m\u001b[0;34m'simtk.unit'\u001b[0m\u001b[0;34m)\u001b[0m\u001b[0;34m\u001b[0m\u001b[0;34m\u001b[0m\u001b[0m\n\u001b[1;32m     83\u001b[0m         \u001b[0mintegration_timestep\u001b[0m \u001b[0;34m=\u001b[0m \u001b[0mpuw\u001b[0m\u001b[0;34m.\u001b[0m\u001b[0mconvert\u001b[0m\u001b[0;34m(\u001b[0m\u001b[0mself\u001b[0m\u001b[0;34m.\u001b[0m\u001b[0mintegration_timestep\u001b[0m\u001b[0;34m,\u001b[0m \u001b[0mto_unit\u001b[0m\u001b[0;34m=\u001b[0m\u001b[0;34m'fs'\u001b[0m\u001b[0;34m,\u001b[0m \u001b[0mto_form\u001b[0m\u001b[0;34m=\u001b[0m\u001b[0;34m'simtk.unit'\u001b[0m\u001b[0;34m)\u001b[0m\u001b[0;34m\u001b[0m\u001b[0;34m\u001b[0m\u001b[0m\n",
      "\u001b[0;32m~/Myopt/miniconda3/envs/MolSysMT_env/lib/python3.7/site-packages/pyunitwizard/main.py\u001b[0m in \u001b[0;36mconvert\u001b[0;34m(quantity_or_unit, to_unit, to_form, parser)\u001b[0m\n\u001b[1;32m    187\u001b[0m     \u001b[0moutput\u001b[0m \u001b[0;34m=\u001b[0m \u001b[0;32mNone\u001b[0m\u001b[0;34m\u001b[0m\u001b[0;34m\u001b[0m\u001b[0m\n\u001b[1;32m    188\u001b[0m \u001b[0;34m\u001b[0m\u001b[0m\n\u001b[0;32m--> 189\u001b[0;31m     \u001b[0mform_in\u001b[0m \u001b[0;34m=\u001b[0m \u001b[0mget_form\u001b[0m\u001b[0;34m(\u001b[0m\u001b[0mquantity_or_unit\u001b[0m\u001b[0;34m)\u001b[0m\u001b[0;34m\u001b[0m\u001b[0;34m\u001b[0m\u001b[0m\n\u001b[0m\u001b[1;32m    190\u001b[0m     \u001b[0mto_form\u001b[0m \u001b[0;34m=\u001b[0m \u001b[0mdigest_to_form\u001b[0m\u001b[0;34m(\u001b[0m\u001b[0mto_form\u001b[0m\u001b[0;34m)\u001b[0m\u001b[0;34m\u001b[0m\u001b[0;34m\u001b[0m\u001b[0m\n\u001b[1;32m    191\u001b[0m     \u001b[0mparser\u001b[0m \u001b[0;34m=\u001b[0m \u001b[0mdigest_parser\u001b[0m\u001b[0;34m(\u001b[0m\u001b[0mparser\u001b[0m\u001b[0;34m)\u001b[0m\u001b[0;34m\u001b[0m\u001b[0;34m\u001b[0m\u001b[0m\n",
      "\u001b[0;32m~/Myopt/miniconda3/envs/MolSysMT_env/lib/python3.7/site-packages/pyunitwizard/main.py\u001b[0m in \u001b[0;36mget_form\u001b[0;34m(quantity_or_unit)\u001b[0m\n\u001b[1;32m     32\u001b[0m             \u001b[0;32mreturn\u001b[0m \u001b[0mdict_is_form\u001b[0m\u001b[0;34m[\u001b[0m\u001b[0mquantity_or_unit\u001b[0m\u001b[0;34m]\u001b[0m\u001b[0;34m\u001b[0m\u001b[0;34m\u001b[0m\u001b[0m\n\u001b[1;32m     33\u001b[0m         \u001b[0;32mexcept\u001b[0m\u001b[0;34m:\u001b[0m\u001b[0;34m\u001b[0m\u001b[0;34m\u001b[0m\u001b[0m\n\u001b[0;32m---> 34\u001b[0;31m             \u001b[0;32mraise\u001b[0m \u001b[0mNotImplementedError\u001b[0m\u001b[0;34m(\u001b[0m\u001b[0;34m\"This quantity form was not implemented yet. Please open an issue to suggest its inclusion.\"\u001b[0m\u001b[0;34m)\u001b[0m\u001b[0;34m\u001b[0m\u001b[0;34m\u001b[0m\u001b[0m\n\u001b[0m\u001b[1;32m     35\u001b[0m \u001b[0;34m\u001b[0m\u001b[0m\n\u001b[1;32m     36\u001b[0m     \u001b[0;32mreturn\u001b[0m \u001b[0moutput\u001b[0m\u001b[0;34m\u001b[0m\u001b[0;34m\u001b[0m\u001b[0m\n",
      "\u001b[0;31mNotImplementedError\u001b[0m: This quantity form was not implemented yet. Please open an issue to suggest its inclusion."
     ]
    }
   ],
   "source": [
    "tmp_item = msm.convert([molecular_system_A, mm_parameters,\n",
    "                        simulation_to_potential_energy_minimization],\n",
    "                       to_form='openmm.Context')"
   ]
  },
  {
   "cell_type": "code",
   "execution_count": null,
   "metadata": {},
   "outputs": [],
   "source": []
  }
 ],
 "metadata": {
  "kernelspec": {
   "display_name": "Python 3",
   "language": "python",
   "name": "python3"
  },
  "language_info": {
   "codemirror_mode": {
    "name": "ipython",
    "version": 3
   },
   "file_extension": ".py",
   "mimetype": "text/x-python",
   "name": "python",
   "nbconvert_exporter": "python",
   "pygments_lexer": "ipython3",
   "version": "3.7.10"
  }
 },
 "nbformat": 4,
 "nbformat_minor": 4
}
